This file contains any messages produced by compilers while
running configure, to aid debugging if configure makes a mistake.

It was created by dillo configure 3.0.2, which was
generated by GNU Autoconf 2.68.  Invocation command line was

  $ ./configure --prefix=/opt/dillo --enable-ssl

## --------- ##
## Platform. ##
## --------- ##

hostname = ubuntu
uname -m = x86_64
uname -r = 2.6.38-8-generic
uname -s = Linux
uname -v = #42-Ubuntu SMP Mon Apr 11 03:31:24 UTC 2011

/usr/bin/uname -p = unknown
/bin/uname -X     = unknown

/bin/arch              = unknown
/usr/bin/arch -k       = unknown
/usr/convex/getsysinfo = unknown
/usr/bin/hostinfo      = unknown
/bin/machine           = unknown
/usr/bin/oslevel       = unknown
/bin/universe          = unknown

PATH: /opt/dillo/bin
PATH: /home/follinge/bin
PATH: /usr/local/sbin
PATH: /usr/local/bin
PATH: /usr/sbin
PATH: /usr/bin
PATH: /sbin
PATH: /bin
PATH: /usr/games
PATH: /home/follinge/bin
PATH: /home/follinge/bin


## ----------- ##
## Core tests. ##
## ----------- ##

configure:2557: checking build system type
configure:2571: result: x86_64-unknown-linux-gnu
configure:2591: checking host system type
configure:2604: result: x86_64-unknown-linux-gnu
configure:2624: checking target system type
configure:2637: result: x86_64-unknown-linux-gnu
configure:2680: checking for a BSD-compatible install
configure:2748: result: /usr/bin/install -c
configure:2759: checking whether build environment is sane
configure:2809: result: yes
configure:2950: checking for a thread-safe mkdir -p
configure:2989: result: /bin/mkdir -p
configure:3002: checking for gawk
configure:3032: result: no
configure:3002: checking for mawk
configure:3018: found /usr/bin/mawk
configure:3029: result: mawk
configure:3040: checking whether make sets $(MAKE)
configure:3062: result: yes
configure:3283: checking for gcc
configure:3299: found /usr/bin/gcc
configure:3310: result: gcc
configure:3539: checking for C compiler version
configure:3548: gcc --version >&5
gcc (Ubuntu/Linaro 4.5.2-8ubuntu4) 4.5.2
Copyright (C) 2010 Free Software Foundation, Inc.
This is free software; see the source for copying conditions.  There is NO
warranty; not even for MERCHANTABILITY or FITNESS FOR A PARTICULAR PURPOSE.

configure:3559: $? = 0
configure:3548: gcc -v >&5
Using built-in specs.
COLLECT_GCC=gcc
COLLECT_LTO_WRAPPER=/usr/lib/x86_64-linux-gnu/gcc/x86_64-linux-gnu/4.5.2/lto-wrapper
Target: x86_64-linux-gnu
Configured with: ../src/configure -v --with-pkgversion='Ubuntu/Linaro 4.5.2-8ubuntu4' --with-bugurl=file:///usr/share/doc/gcc-4.5/README.Bugs --enable-languages=c,c++,fortran,objc,obj-c++ --prefix=/usr --program-suffix=-4.5 --enable-shared --enable-multiarch --with-multiarch-defaults=x86_64-linux-gnu --enable-linker-build-id --with-system-zlib --libexecdir=/usr/lib/x86_64-linux-gnu --without-included-gettext --enable-threads=posix --with-gxx-include-dir=/usr/include/c++/4.5 --libdir=/usr/lib/x86_64-linux-gnu --enable-nls --with-sysroot=/ --enable-clocale=gnu --enable-libstdcxx-debug --enable-libstdcxx-time=yes --enable-plugin --enable-gold --enable-ld=default --with-plugin-ld=ld.gold --enable-objc-gc --disable-werror --with-arch-32=i686 --with-tune=generic --enable-checking=release --build=x86_64-linux-gnu --host=x86_64-linux-gnu --target=x86_64-linux-gnu
Thread model: posix
gcc version 4.5.2 (Ubuntu/Linaro 4.5.2-8ubuntu4) 
configure:3559: $? = 0
configure:3548: gcc -V >&5
gcc: '-V' option must have argument
configure:3559: $? = 1
configure:3548: gcc -qversion >&5
gcc: unrecognized option '-qversion'
gcc: no input files
configure:3559: $? = 1
configure:3579: checking whether the C compiler works
configure:3601: gcc    conftest.c  >&5
configure:3605: $? = 0
configure:3653: result: yes
configure:3656: checking for C compiler default output file name
configure:3658: result: a.out
configure:3664: checking for suffix of executables
configure:3671: gcc -o conftest    conftest.c  >&5
configure:3675: $? = 0
configure:3697: result: 
configure:3719: checking whether we are cross compiling
configure:3727: gcc -o conftest    conftest.c  >&5
configure:3731: $? = 0
configure:3738: ./conftest
configure:3742: $? = 0
configure:3757: result: no
configure:3762: checking for suffix of object files
configure:3784: gcc -c   conftest.c >&5
configure:3788: $? = 0
configure:3809: result: o
configure:3813: checking whether we are using the GNU C compiler
configure:3832: gcc -c   conftest.c >&5
configure:3832: $? = 0
configure:3841: result: yes
configure:3850: checking whether gcc accepts -g
configure:3870: gcc -c -g  conftest.c >&5
configure:3870: $? = 0
configure:3911: result: yes
configure:3928: checking for gcc option to accept ISO C89
configure:3992: gcc  -c -g -O2  conftest.c >&5
configure:3992: $? = 0
configure:4005: result: none needed
configure:4036: checking for style of include used by make
configure:4064: result: GNU
configure:4089: checking dependency style of gcc
configure:4199: result: gcc3
configure:4272: checking for g++
configure:4288: found /usr/bin/g++
configure:4299: result: g++
configure:4326: checking for C++ compiler version
configure:4335: g++ --version >&5
g++ (Ubuntu/Linaro 4.5.2-8ubuntu4) 4.5.2
Copyright (C) 2010 Free Software Foundation, Inc.
This is free software; see the source for copying conditions.  There is NO
warranty; not even for MERCHANTABILITY or FITNESS FOR A PARTICULAR PURPOSE.

configure:4346: $? = 0
configure:4335: g++ -v >&5
Using built-in specs.
COLLECT_GCC=g++
COLLECT_LTO_WRAPPER=/usr/lib/x86_64-linux-gnu/gcc/x86_64-linux-gnu/4.5.2/lto-wrapper
Target: x86_64-linux-gnu
Configured with: ../src/configure -v --with-pkgversion='Ubuntu/Linaro 4.5.2-8ubuntu4' --with-bugurl=file:///usr/share/doc/gcc-4.5/README.Bugs --enable-languages=c,c++,fortran,objc,obj-c++ --prefix=/usr --program-suffix=-4.5 --enable-shared --enable-multiarch --with-multiarch-defaults=x86_64-linux-gnu --enable-linker-build-id --with-system-zlib --libexecdir=/usr/lib/x86_64-linux-gnu --without-included-gettext --enable-threads=posix --with-gxx-include-dir=/usr/include/c++/4.5 --libdir=/usr/lib/x86_64-linux-gnu --enable-nls --with-sysroot=/ --enable-clocale=gnu --enable-libstdcxx-debug --enable-libstdcxx-time=yes --enable-plugin --enable-gold --enable-ld=default --with-plugin-ld=ld.gold --enable-objc-gc --disable-werror --with-arch-32=i686 --with-tune=generic --enable-checking=release --build=x86_64-linux-gnu --host=x86_64-linux-gnu --target=x86_64-linux-gnu
Thread model: posix
gcc version 4.5.2 (Ubuntu/Linaro 4.5.2-8ubuntu4) 
configure:4346: $? = 0
configure:4335: g++ -V >&5
g++: '-V' option must have argument
configure:4346: $? = 1
configure:4335: g++ -qversion >&5
g++: unrecognized option '-qversion'
g++: no input files
configure:4346: $? = 1
configure:4350: checking whether we are using the GNU C++ compiler
configure:4369: g++ -c   conftest.cpp >&5
configure:4369: $? = 0
configure:4378: result: yes
configure:4387: checking whether g++ accepts -g
configure:4407: g++ -c -g  conftest.cpp >&5
configure:4407: $? = 0
configure:4448: result: yes
configure:4473: checking dependency style of g++
configure:4583: result: gcc3
configure:4641: checking for ranlib
configure:4657: found /usr/bin/ranlib
configure:4668: result: ranlib
configure:4695: checking how to run the C preprocessor
configure:4726: gcc -E  conftest.c
configure:4726: $? = 0
configure:4740: gcc -E  conftest.c
conftest.c:11:28: fatal error: ac_nonexistent.h: No such file or directory
compilation terminated.
configure:4740: $? = 1
configure: failed program was:
| /* confdefs.h */
| #define PACKAGE_NAME "dillo"
| #define PACKAGE_TARNAME "dillo"
| #define PACKAGE_VERSION "3.0.2"
| #define PACKAGE_STRING "dillo 3.0.2"
| #define PACKAGE_BUGREPORT ""
| #define PACKAGE_URL ""
| #define PACKAGE "dillo"
| #define VERSION "3.0.2"
| /* end confdefs.h.  */
| #include <ac_nonexistent.h>
configure:4765: result: gcc -E
configure:4785: gcc -E  conftest.c
configure:4785: $? = 0
configure:4799: gcc -E  conftest.c
conftest.c:11:28: fatal error: ac_nonexistent.h: No such file or directory
compilation terminated.
configure:4799: $? = 1
configure: failed program was:
| /* confdefs.h */
| #define PACKAGE_NAME "dillo"
| #define PACKAGE_TARNAME "dillo"
| #define PACKAGE_VERSION "3.0.2"
| #define PACKAGE_STRING "dillo 3.0.2"
| #define PACKAGE_BUGREPORT ""
| #define PACKAGE_URL ""
| #define PACKAGE "dillo"
| #define VERSION "3.0.2"
| /* end confdefs.h.  */
| #include <ac_nonexistent.h>
configure:4830: checking for grep that handles long lines and -e
configure:4888: result: /bin/grep
configure:4893: checking for egrep
configure:4955: result: /bin/grep -E
configure:4960: checking for ANSI C header files
configure:4980: gcc -c -g -O2  conftest.c >&5
configure:4980: $? = 0
configure:5053: gcc -o conftest -g -O2   conftest.c  >&5
configure:5053: $? = 0
configure:5053: ./conftest
configure:5053: $? = 0
configure:5064: result: yes
configure:5077: checking for sys/types.h
configure:5077: gcc -c -g -O2  conftest.c >&5
configure:5077: $? = 0
configure:5077: result: yes
configure:5077: checking for sys/stat.h
configure:5077: gcc -c -g -O2  conftest.c >&5
configure:5077: $? = 0
configure:5077: result: yes
configure:5077: checking for stdlib.h
configure:5077: gcc -c -g -O2  conftest.c >&5
configure:5077: $? = 0
configure:5077: result: yes
configure:5077: checking for string.h
configure:5077: gcc -c -g -O2  conftest.c >&5
configure:5077: $? = 0
configure:5077: result: yes
configure:5077: checking for memory.h
configure:5077: gcc -c -g -O2  conftest.c >&5
configure:5077: $? = 0
configure:5077: result: yes
configure:5077: checking for strings.h
configure:5077: gcc -c -g -O2  conftest.c >&5
configure:5077: $? = 0
configure:5077: result: yes
configure:5077: checking for inttypes.h
configure:5077: gcc -c -g -O2  conftest.c >&5
configure:5077: $? = 0
configure:5077: result: yes
configure:5077: checking for stdint.h
configure:5077: gcc -c -g -O2  conftest.c >&5
configure:5077: $? = 0
configure:5077: result: yes
configure:5077: checking for unistd.h
configure:5077: gcc -c -g -O2  conftest.c >&5
configure:5077: $? = 0
configure:5077: result: yes
configure:5093: checking size of char
configure:5098: gcc -o conftest -g -O2   conftest.c  >&5
configure:5098: $? = 0
configure:5098: ./conftest
configure:5098: $? = 0
configure:5112: result: 1
configure:5126: checking size of short
configure:5131: gcc -o conftest -g -O2   conftest.c  >&5
configure:5131: $? = 0
configure:5131: ./conftest
configure:5131: $? = 0
configure:5145: result: 2
configure:5159: checking size of long
configure:5164: gcc -o conftest -g -O2   conftest.c  >&5
configure:5164: $? = 0
configure:5164: ./conftest
configure:5164: $? = 0
configure:5178: result: 8
configure:5192: checking size of int
configure:5197: gcc -o conftest -g -O2   conftest.c  >&5
configure:5197: $? = 0
configure:5197: ./conftest
configure:5197: $? = 0
configure:5211: result: 4
configure:5225: checking size of void *
configure:5230: gcc -o conftest -g -O2   conftest.c  >&5
configure:5230: $? = 0
configure:5230: ./conftest
configure:5230: $? = 0
configure:5244: result: 8
configure:5255: checking for int16_t
configure:5255: gcc -c -g -O2  conftest.c >&5
configure:5255: $? = 0
configure:5255: gcc -c -g -O2  conftest.c >&5
conftest.c: In function 'main':
conftest.c:63:12: error: size of array 'test_array' is negative
configure:5255: $? = 1
configure: failed program was:
| /* confdefs.h */
| #define PACKAGE_NAME "dillo"
| #define PACKAGE_TARNAME "dillo"
| #define PACKAGE_VERSION "3.0.2"
| #define PACKAGE_STRING "dillo 3.0.2"
| #define PACKAGE_BUGREPORT ""
| #define PACKAGE_URL ""
| #define PACKAGE "dillo"
| #define VERSION "3.0.2"
| #define STDC_HEADERS 1
| #define HAVE_SYS_TYPES_H 1
| #define HAVE_SYS_STAT_H 1
| #define HAVE_STDLIB_H 1
| #define HAVE_STRING_H 1
| #define HAVE_MEMORY_H 1
| #define HAVE_STRINGS_H 1
| #define HAVE_INTTYPES_H 1
| #define HAVE_STDINT_H 1
| #define HAVE_UNISTD_H 1
| #define SIZEOF_CHAR 1
| #define SIZEOF_SHORT 2
| #define SIZEOF_LONG 8
| #define SIZEOF_INT 4
| #define SIZEOF_VOID_P 8
| /* end confdefs.h.  */
| #include <stdio.h>
| #ifdef HAVE_SYS_TYPES_H
| # include <sys/types.h>
| #endif
| #ifdef HAVE_SYS_STAT_H
| # include <sys/stat.h>
| #endif
| #ifdef STDC_HEADERS
| # include <stdlib.h>
| # include <stddef.h>
| #else
| # ifdef HAVE_STDLIB_H
| #  include <stdlib.h>
| # endif
| #endif
| #ifdef HAVE_STRING_H
| # if !defined STDC_HEADERS && defined HAVE_MEMORY_H
| #  include <memory.h>
| # endif
| # include <string.h>
| #endif
| #ifdef HAVE_STRINGS_H
| # include <strings.h>
| #endif
| #ifdef HAVE_INTTYPES_H
| # include <inttypes.h>
| #endif
| #ifdef HAVE_STDINT_H
| # include <stdint.h>
| #endif
| #ifdef HAVE_UNISTD_H
| # include <unistd.h>
| #endif
| 	        enum { N = 16 / 2 - 1 };
| int
| main ()
| {
| static int test_array [1 - 2 * !((int16_t) (((((int16_t) 1 << N) << N) - 1) * 2 + 1)
| 		 < (int16_t) (((((int16_t) 1 << N) << N) - 1) * 2 + 2))];
| test_array [0] = 0
| 
|   ;
|   return 0;
| }
configure:5255: result: yes
configure:5266: checking for uint16_t
configure:5266: gcc -c -g -O2  conftest.c >&5
configure:5266: $? = 0
configure:5266: result: yes
configure:5278: checking for int32_t
configure:5278: gcc -c -g -O2  conftest.c >&5
configure:5278: $? = 0
configure:5278: gcc -c -g -O2  conftest.c >&5
conftest.c: In function 'main':
conftest.c:64:53: warning: integer overflow in expression
conftest.c:63:12: error: size of array 'test_array' is negative
conftest.c:63:12: error: storage size of 'test_array' isn't constant
configure:5278: $? = 1
configure: failed program was:
| /* confdefs.h */
| #define PACKAGE_NAME "dillo"
| #define PACKAGE_TARNAME "dillo"
| #define PACKAGE_VERSION "3.0.2"
| #define PACKAGE_STRING "dillo 3.0.2"
| #define PACKAGE_BUGREPORT ""
| #define PACKAGE_URL ""
| #define PACKAGE "dillo"
| #define VERSION "3.0.2"
| #define STDC_HEADERS 1
| #define HAVE_SYS_TYPES_H 1
| #define HAVE_SYS_STAT_H 1
| #define HAVE_STDLIB_H 1
| #define HAVE_STRING_H 1
| #define HAVE_MEMORY_H 1
| #define HAVE_STRINGS_H 1
| #define HAVE_INTTYPES_H 1
| #define HAVE_STDINT_H 1
| #define HAVE_UNISTD_H 1
| #define SIZEOF_CHAR 1
| #define SIZEOF_SHORT 2
| #define SIZEOF_LONG 8
| #define SIZEOF_INT 4
| #define SIZEOF_VOID_P 8
| /* end confdefs.h.  */
| #include <stdio.h>
| #ifdef HAVE_SYS_TYPES_H
| # include <sys/types.h>
| #endif
| #ifdef HAVE_SYS_STAT_H
| # include <sys/stat.h>
| #endif
| #ifdef STDC_HEADERS
| # include <stdlib.h>
| # include <stddef.h>
| #else
| # ifdef HAVE_STDLIB_H
| #  include <stdlib.h>
| # endif
| #endif
| #ifdef HAVE_STRING_H
| # if !defined STDC_HEADERS && defined HAVE_MEMORY_H
| #  include <memory.h>
| # endif
| # include <string.h>
| #endif
| #ifdef HAVE_STRINGS_H
| # include <strings.h>
| #endif
| #ifdef HAVE_INTTYPES_H
| # include <inttypes.h>
| #endif
| #ifdef HAVE_STDINT_H
| # include <stdint.h>
| #endif
| #ifdef HAVE_UNISTD_H
| # include <unistd.h>
| #endif
| 	        enum { N = 32 / 2 - 1 };
| int
| main ()
| {
| static int test_array [1 - 2 * !((int32_t) (((((int32_t) 1 << N) << N) - 1) * 2 + 1)
| 		 < (int32_t) (((((int32_t) 1 << N) << N) - 1) * 2 + 2))];
| test_array [0] = 0
| 
|   ;
|   return 0;
| }
configure:5278: result: yes
configure:5289: checking for uint32_t
configure:5289: gcc -c -g -O2  conftest.c >&5
configure:5289: $? = 0
configure:5289: result: yes
configure:5311: checking for gethostbyname
configure:5311: gcc -o conftest -g -O2  -I/usr/local/include  -L/usr/local/lib conftest.c  >&5
configure:5311: $? = 0
configure:5311: result: yes
configure:5414: checking for setsockopt
configure:5414: gcc -o conftest -g -O2  -I/usr/local/include  -L/usr/local/lib conftest.c  >&5
configure:5414: $? = 0
configure:5414: result: yes
configure:5470: checking for socklen_t
configure:5490: gcc -c -g -O2  -I/usr/local/include conftest.c >&5
configure:5490: $? = 0
configure:5520: result: socklen_t
configure:5531: checking FLTK 1.3
configure:5535: result: yes
configure:5550: checking jpeglib.h usability
configure:5550: gcc -c -g -O2  -I/usr/local/include conftest.c >&5
configure:5550: $? = 0
configure:5550: result: yes
configure:5550: checking jpeglib.h presence
configure:5550: gcc -E  -I/usr/local/include conftest.c
configure:5550: $? = 0
configure:5550: result: yes
configure:5550: checking for jpeglib.h
configure:5550: result: yes
configure:5561: checking for jpeg_destroy_decompress in -ljpeg
configure:5586: gcc -o conftest -g -O2  -I/usr/local/include  -L/usr/local/lib conftest.c -ljpeg   >&5
configure:5586: $? = 0
configure:5595: result: yes
configure:5626: checking zlib.h usability
configure:5626: gcc -c -g -O2  -I/usr/local/include conftest.c >&5
configure:5626: $? = 0
configure:5626: result: yes
configure:5626: checking zlib.h presence
configure:5626: gcc -E  -I/usr/local/include conftest.c
configure:5626: $? = 0
configure:5626: result: yes
configure:5626: checking for zlib.h
configure:5626: result: yes
configure:5637: checking for zlibVersion in -lz
configure:5662: gcc -o conftest -g -O2  -I/usr/local/include  -L/usr/local/lib conftest.c -lz   >&5
configure:5662: $? = 0
configure:5671: result: yes
configure:5689: checking for libpng-config
configure:5706: result: /usr/bin/libpng12-config
configure:5716: checking for libpng version
configure:5722: result: 1.2.44 (newer version)
configure:5823: checking openssl/ssl.h usability
configure:5823: gcc -c -g -O2  -I/usr/local/include conftest.c >&5
configure:5823: $? = 0
configure:5823: result: yes
configure:5823: checking openssl/ssl.h presence
configure:5823: gcc -E  -I/usr/local/include conftest.c
configure:5823: $? = 0
configure:5823: result: yes
configure:5823: checking for openssl/ssl.h
configure:5823: result: yes
configure:5834: checking for SSL_library_init in -lssl
configure:5859: gcc -o conftest -g -O2  -I/usr/local/include  -L/usr/local/lib conftest.c -lssl -lcrypto  >&5
configure:5859: $? = 0
configure:5868: result: yes
configure:5881: WARNING: *** Enabling ssl support. THIS IS ALPHA CODE!***
configure:5895: checking iconv.h usability
configure:5895: gcc -c -g -O2  -I/usr/local/include conftest.c >&5
configure:5895: $? = 0
configure:5895: result: yes
configure:5895: checking iconv.h presence
configure:5895: gcc -E  -I/usr/local/include conftest.c
configure:5895: $? = 0
configure:5895: result: yes
configure:5895: checking for iconv.h
configure:5895: result: yes
configure:5904: checking for iconv_open in -lc
configure:5929: gcc -o conftest -g -O2  -I/usr/local/include  -L/usr/local/lib conftest.c -lc   >&5
configure:5929: $? = 0
configure:5938: result: yes
configure:6053: g++ -c -g -O2  -I/usr/local/include conftest.cpp >&5
conftest.cpp: In function 'int main()':
conftest.cpp:43:50: error: invalid conversion from 'const char**' to 'char**'
conftest.cpp:43:50: error:   initializing argument 2 of 'size_t iconv(void*, char**, size_t*, char**, size_t*)'
configure:6053: $? = 1
configure: failed program was:
| /* confdefs.h */
| #define PACKAGE_NAME "dillo"
| #define PACKAGE_TARNAME "dillo"
| #define PACKAGE_VERSION "3.0.2"
| #define PACKAGE_STRING "dillo 3.0.2"
| #define PACKAGE_BUGREPORT ""
| #define PACKAGE_URL ""
| #define PACKAGE "dillo"
| #define VERSION "3.0.2"
| #define STDC_HEADERS 1
| #define HAVE_SYS_TYPES_H 1
| #define HAVE_SYS_STAT_H 1
| #define HAVE_STDLIB_H 1
| #define HAVE_STRING_H 1
| #define HAVE_MEMORY_H 1
| #define HAVE_STRINGS_H 1
| #define HAVE_INTTYPES_H 1
| #define HAVE_STDINT_H 1
| #define HAVE_UNISTD_H 1
| #define SIZEOF_CHAR 1
| #define SIZEOF_SHORT 2
| #define SIZEOF_LONG 8
| #define SIZEOF_INT 4
| #define SIZEOF_VOID_P 8
| #define HAVE_GETHOSTBYNAME 1
| #define HAVE_SETSOCKOPT 1
| #define ENABLE_JPEG 1
| #define ENABLE_PNG 1
| #define ENABLE_GIF 1
| #define ENABLE_SSL 1
| /* end confdefs.h.  */
| 
| #include <iconv.h>
| 
| int
| main ()
| {
| 
| const char *inPtr;
| char *outPtr;
| size_t inLeft = 0, outRoom = 0;
| iconv_t encoder = iconv_open("ASCII", "UTF-8");
| iconv(encoder, &inPtr, &inLeft, &outPtr, &outRoom);
| 
|   ;
|   return 0;
| }
configure:6083: checking for pthread_create in -lpthread
configure:6108: gcc -o conftest -g -O2  -I/usr/local/include  -L/usr/local/lib conftest.c -lpthread   >&5
configure:6108: $? = 0
configure:6117: result: yes
configure:6395: checking fcntl.h usability
configure:6395: gcc -c -g -O2 -DD_DNS_THREADED  -I/usr/local/include conftest.c >&5
configure:6395: $? = 0
configure:6395: result: yes
configure:6395: checking fcntl.h presence
configure:6395: gcc -E  -I/usr/local/include conftest.c
configure:6395: $? = 0
configure:6395: result: yes
configure:6395: checking for fcntl.h
configure:6395: result: yes
configure:6395: checking for unistd.h
configure:6395: result: yes
configure:6395: checking sys/uio.h usability
configure:6395: gcc -c -g -O2 -DD_DNS_THREADED  -I/usr/local/include conftest.c >&5
configure:6395: $? = 0
configure:6395: result: yes
configure:6395: checking sys/uio.h presence
configure:6395: gcc -E  -I/usr/local/include conftest.c
configure:6395: $? = 0
configure:6395: result: yes
configure:6395: checking for sys/uio.h
configure:6395: result: yes
configure:6583: creating ./config.status

## ---------------------- ##
## Running config.status. ##
## ---------------------- ##

This file was extended by dillo config.status 3.0.2, which was
generated by GNU Autoconf 2.68.  Invocation command line was

  CONFIG_FILES    = 
  CONFIG_HEADERS  = 
  CONFIG_LINKS    = 
  CONFIG_COMMANDS = 
  $ ./config.status 

on ubuntu

config.status:916: creating Makefile
config.status:916: creating dlib/Makefile
config.status:916: creating dpip/Makefile
config.status:916: creating dpid/Makefile
config.status:916: creating dpi/Makefile
config.status:916: creating doc/Makefile
config.status:916: creating dw/Makefile
config.status:916: creating lout/Makefile
config.status:916: creating src/Makefile
config.status:916: creating src/IO/Makefile
config.status:916: creating test/Makefile
config.status:916: creating config.h
config.status:1145: executing depfiles commands

## ---------------- ##
## Cache variables. ##
## ---------------- ##

ac_cv_build=x86_64-unknown-linux-gnu
ac_cv_c_compiler_gnu=yes
ac_cv_c_int16_t=yes
ac_cv_c_int32_t=yes
ac_cv_c_uint16_t=yes
ac_cv_c_uint32_t=yes
ac_cv_cxx_compiler_gnu=yes
ac_cv_env_CCC_set=
ac_cv_env_CCC_value=
ac_cv_env_CC_set=
ac_cv_env_CC_value=
ac_cv_env_CFLAGS_set=
ac_cv_env_CFLAGS_value=
ac_cv_env_CPPFLAGS_set=
ac_cv_env_CPPFLAGS_value=
ac_cv_env_CPP_set=
ac_cv_env_CPP_value=
ac_cv_env_CXXFLAGS_set=
ac_cv_env_CXXFLAGS_value=
ac_cv_env_CXX_set=
ac_cv_env_CXX_value=
ac_cv_env_LDFLAGS_set=
ac_cv_env_LDFLAGS_value=
ac_cv_env_LIBS_set=
ac_cv_env_LIBS_value=
ac_cv_env_build_alias_set=
ac_cv_env_build_alias_value=
ac_cv_env_host_alias_set=
ac_cv_env_host_alias_value=
ac_cv_env_target_alias_set=
ac_cv_env_target_alias_value=
ac_cv_func_gethostbyname=yes
ac_cv_func_setsockopt=yes
ac_cv_header_fcntl_h=yes
ac_cv_header_iconv_h=yes
ac_cv_header_inttypes_h=yes
ac_cv_header_jpeglib_h=yes
ac_cv_header_memory_h=yes
ac_cv_header_openssl_ssl_h=yes
ac_cv_header_stdc=yes
ac_cv_header_stdint_h=yes
ac_cv_header_stdlib_h=yes
ac_cv_header_string_h=yes
ac_cv_header_strings_h=yes
ac_cv_header_sys_stat_h=yes
ac_cv_header_sys_types_h=yes
ac_cv_header_sys_uio_h=yes
ac_cv_header_unistd_h=yes
ac_cv_header_zlib_h=yes
ac_cv_host=x86_64-unknown-linux-gnu
ac_cv_lib_c_iconv_open=yes
ac_cv_lib_jpeg_jpeg_destroy_decompress=yes
ac_cv_lib_pthread_pthread_create=yes
ac_cv_lib_ssl_SSL_library_init=yes
ac_cv_lib_z_zlibVersion=yes
ac_cv_objext=o
ac_cv_path_EGREP='/bin/grep -E'
ac_cv_path_GREP=/bin/grep
ac_cv_path_install='/usr/bin/install -c'
ac_cv_path_mkdir=/bin/mkdir
ac_cv_prog_AWK=mawk
ac_cv_prog_CPP='gcc -E'
ac_cv_prog_ac_ct_CC=gcc
ac_cv_prog_ac_ct_CXX=g++
ac_cv_prog_ac_ct_RANLIB=ranlib
ac_cv_prog_cc_c89=
ac_cv_prog_cc_g=yes
ac_cv_prog_cxx_g=yes
ac_cv_prog_make_make_set=yes
ac_cv_sizeof_char=1
ac_cv_sizeof_int=4
ac_cv_sizeof_long=8
ac_cv_sizeof_short=2
ac_cv_sizeof_void_p=8
ac_cv_socklen_t=socklen_t
ac_cv_target=x86_64-unknown-linux-gnu
am_cv_CC_dependencies_compiler_type=gcc3
am_cv_CXX_dependencies_compiler_type=gcc3

## ----------------- ##
## Output variables. ##
## ----------------- ##

ACLOCAL='${SHELL} /home/follinge/src/dillo/missing --run aclocal-1.11'
AMDEPBACKSLASH='\'
AMDEP_FALSE='#'
AMDEP_TRUE=''
AMTAR='${SHELL} /home/follinge/src/dillo/missing --run tar'
AUTOCONF='${SHELL} /home/follinge/src/dillo/missing --run autoconf'
AUTOHEADER='${SHELL} /home/follinge/src/dillo/missing --run autoheader'
AUTOMAKE='${SHELL} /home/follinge/src/dillo/missing --run automake-1.11'
AWK='mawk'
CC='gcc'
CCDEPMODE='depmode=gcc3'
CFLAGS='-g -O2 -DD_DNS_THREADED -D_REENTRANT -D_THREAD_SAFE -Wall -W -Wno-unused-parameter -Waggregate-return'
CPP='gcc -E'
CPPFLAGS=' -I/usr/local/include'
CXX='g++'
CXXDEPMODE='depmode=gcc3'
CXXFLAGS='-g -O2 -Wall -W -Wno-unused-parameter -fno-rtti -fno-exceptions'
CYGPATH_W='echo'
DEFS='-DHAVE_CONFIG_H'
DEPDIR='.deps'
ECHO_C=''
ECHO_N='-n'
ECHO_T=''
EGREP='/bin/grep -E'
EXEEXT=''
GREP='/bin/grep'
INSTALL_DATA='${INSTALL} -m 644'
INSTALL_PROGRAM='${INSTALL}'
INSTALL_SCRIPT='${INSTALL}'
INSTALL_STRIP_PROGRAM='$(install_sh) -c -s'
LDFLAGS=' -L/usr/local/lib'
LIBFLTK_CFLAGS='-I/opt/dillo/include -D_LARGEFILE_SOURCE -D_LARGEFILE64_SOURCE -D_THREAD_SAFE -D_REENTRANT'
LIBFLTK_CXXFLAGS='-I/opt/dillo/include -I/usr/include/freetype2 -D_LARGEFILE_SOURCE -D_LARGEFILE64_SOURCE -D_THREAD_SAFE -D_REENTRANT'
LIBFLTK_LIBS='-L/opt/dillo/lib -lfltk -lXext -lXft -lfontconfig -lXinerama -lpthread -ldl -lm -lX11'
LIBICONV_LIBS=''
LIBJPEG_CPPFLAGS=''
LIBJPEG_LDFLAGS=''
LIBJPEG_LIBS='-ljpeg'
LIBOBJS=''
LIBPNG_CFLAGS='-I/usr/include/libpng12'
LIBPNG_LIBS='-L/usr/lib/x86_64-linux-gnu -lpng12 -lpng12'
LIBPTHREAD_LDFLAGS=''
LIBPTHREAD_LIBS='-lpthread'
LIBS=''
LIBSSL_LIBS='-lcrypto -lssl'
LIBZ_LIBS='-lz'
LTLIBOBJS=''
MAKEINFO='${SHELL} /home/follinge/src/dillo/missing --run makeinfo'
MKDIR_P='/bin/mkdir -p'
OBJEXT='o'
PACKAGE='dillo'
PACKAGE_BUGREPORT=''
PACKAGE_NAME='dillo'
PACKAGE_STRING='dillo 3.0.2'
PACKAGE_TARNAME='dillo'
PACKAGE_URL=''
PACKAGE_VERSION='3.0.2'
PATH_SEPARATOR=':'
RANLIB='ranlib'
SET_MAKE=''
SHELL='/bin/bash'
STRIP=''
VERSION='3.0.2'
ac_ct_CC='gcc'
ac_ct_CXX='g++'
am__EXEEXT_FALSE=''
am__EXEEXT_TRUE='#'
am__fastdepCC_FALSE='#'
am__fastdepCC_TRUE=''
am__fastdepCXX_FALSE='#'
am__fastdepCXX_TRUE=''
am__include='include'
am__isrc=''
am__leading_dot='.'
am__quote=''
am__tar='${AMTAR} chof - "$$tardir"'
am__untar='${AMTAR} xf -'
bindir='${exec_prefix}/bin'
build='x86_64-unknown-linux-gnu'
build_alias=''
build_cpu='x86_64'
build_os='linux-gnu'
build_vendor='unknown'
datadir='${datarootdir}'
datarootdir='${prefix}/share'
docdir='${datarootdir}/doc/${PACKAGE_TARNAME}'
dvidir='${docdir}'
exec_prefix='${prefix}'
host='x86_64-unknown-linux-gnu'
host_alias=''
host_cpu='x86_64'
host_os='linux-gnu'
host_vendor='unknown'
htmldir='${docdir}'
includedir='${prefix}/include'
infodir='${datarootdir}/info'
install_sh='${SHELL} /home/follinge/src/dillo/install-sh'
libdir='${exec_prefix}/lib'
libexecdir='${exec_prefix}/libexec'
localedir='${datarootdir}/locale'
localstatedir='${prefix}/var'
mandir='${datarootdir}/man'
mkdir_p='/bin/mkdir -p'
oldincludedir='/usr/include'
pdfdir='${docdir}'
prefix='/opt/dillo'
program_transform_name='s,x,x,'
psdir='${docdir}'
sbindir='${exec_prefix}/sbin'
sharedstatedir='${prefix}/com'
sysconfdir='${prefix}/etc/dillo'
target='x86_64-unknown-linux-gnu'
target_alias=''
target_cpu='x86_64'
target_os='linux-gnu'
target_vendor='unknown'

## ----------- ##
## confdefs.h. ##
## ----------- ##

/* confdefs.h */
#define PACKAGE_NAME "dillo"
#define PACKAGE_TARNAME "dillo"
#define PACKAGE_VERSION "3.0.2"
#define PACKAGE_STRING "dillo 3.0.2"
#define PACKAGE_BUGREPORT ""
#define PACKAGE_URL ""
#define PACKAGE "dillo"
#define VERSION "3.0.2"
#define STDC_HEADERS 1
#define HAVE_SYS_TYPES_H 1
#define HAVE_SYS_STAT_H 1
#define HAVE_STDLIB_H 1
#define HAVE_STRING_H 1
#define HAVE_MEMORY_H 1
#define HAVE_STRINGS_H 1
#define HAVE_INTTYPES_H 1
#define HAVE_STDINT_H 1
#define HAVE_UNISTD_H 1
#define SIZEOF_CHAR 1
#define SIZEOF_SHORT 2
#define SIZEOF_LONG 8
#define SIZEOF_INT 4
#define SIZEOF_VOID_P 8
#define HAVE_GETHOSTBYNAME 1
#define HAVE_SETSOCKOPT 1
#define ENABLE_JPEG 1
#define ENABLE_PNG 1
#define ENABLE_GIF 1
#define ENABLE_SSL 1
#define inbuf_t char
#define HAVE_FCNTL_H 1
#define HAVE_UNISTD_H 1
#define HAVE_SYS_UIO_H 1

configure: exit 0
